<?xml version="1.0" encoding="UTF-8"?>
<coverage generated="1733585208644" clover="3.2.0">
  <project timestamp="1733585208644" name="All files">
    <metrics statements="28" coveredstatements="16" conditionals="13" coveredconditionals="8" methods="8" coveredmethods="4" elements="49" coveredelements="28" complexity="0" loc="28" ncloc="28" packages="3" files="3" classes="3"/>
    <package name="src">
      <metrics statements="18" coveredstatements="10" conditionals="12" coveredconditionals="8" methods="4" coveredmethods="2"/>
      <file name="index.ts" path="D:\Code\ETHIndia\Walrus-SDK\sdk\src\index.ts">
        <metrics statements="18" coveredstatements="10" conditionals="12" coveredconditionals="8" methods="4" coveredmethods="2"/>
        <line num="1" count="1" type="stmt"/>
        <line num="2" count="1" type="stmt"/>
        <line num="13" count="1" type="stmt"/>
        <line num="15" count="1" type="stmt"/>
        <line num="19" count="0" type="cond" truecount="0" falsecount="1"/>
        <line num="20" count="0" type="stmt"/>
        <line num="21" count="0" type="stmt"/>
        <line num="23" count="0" type="cond" truecount="0" falsecount="1"/>
        <line num="24" count="0" type="stmt"/>
        <line num="27" count="0" type="stmt"/>
        <line num="29" count="0" type="stmt"/>
        <line num="34" count="1" type="stmt"/>
        <line num="35" count="1" type="stmt"/>
        <line num="37" count="1" type="cond" truecount="1" falsecount="0"/>
        <line num="38" count="1" type="stmt"/>
        <line num="41" count="0" type="stmt"/>
        <line num="43" count="1" type="stmt"/>
        <line num="48" count="1" type="stmt"/>
      </file>
    </package>
    <package name="src.getFile">
      <metrics statements="5" coveredstatements="5" conditionals="0" coveredconditionals="0" methods="2" coveredmethods="2"/>
      <file name="getFile.ts" path="D:\Code\ETHIndia\Walrus-SDK\sdk\src\getFile\getFile.ts">
        <metrics statements="5" coveredstatements="5" conditionals="0" coveredconditionals="0" methods="2" coveredmethods="2"/>
        <line num="1" count="1" type="stmt"/>
        <line num="2" count="1" type="stmt"/>
        <line num="3" count="1" type="stmt"/>
        <line num="5" count="1" type="stmt"/>
        <line num="7" count="1" type="stmt"/>
      </file>
    </package>
    <package name="src.uploadFile">
      <metrics statements="5" coveredstatements="1" conditionals="1" coveredconditionals="0" methods="2" coveredmethods="0"/>
      <file name="uploadFile.ts" path="D:\Code\ETHIndia\Walrus-SDK\sdk\src\uploadFile\uploadFile.ts">
        <metrics statements="5" coveredstatements="1" conditionals="1" coveredconditionals="0" methods="2" coveredmethods="0"/>
        <line num="1" count="1" type="stmt"/>
        <line num="2" count="0" type="cond" truecount="0" falsecount="1"/>
        <line num="3" count="0" type="stmt"/>
        <line num="5" count="0" type="stmt"/>
        <line num="13" count="0" type="stmt"/>
      </file>
    </package>
  </project>
</coverage>
