{"D:\\Code\\ETHIndia\\Walrus-SDK\\sdk\\src\\index.ts": {"path":"D:\\Code\\ETHIndia\\Walrus-SDK\\sdk\\src\\index.ts","statementMap":{"0":{"start":{"line":1,"column":0},"end":{"line":1,"column":36}},"1":{"start":{"line":2,"column":0},"end":{"line":2,"column":45}},"2":{"start":{"line":13,"column":4},"end":{"line":14,"column":77}},"3":{"start":{"line":15,"column":4},"end":{"line":16,"column":79}},"4":{"start":{"line":19,"column":18},"end":{"line":31,"column":null}},"5":{"start":{"line":20,"column":4},"end":{"line":30,"column":5}},"6":{"start":{"line":21,"column":23},"end":{"line":21,"column":79}},"7":{"start":{"line":23,"column":6},"end":{"line":25,"column":7}},"8":{"start":{"line":24,"column":8},"end":{"line":24,"column":66}},"9":{"start":{"line":27,"column":6},"end":{"line":27,"column":35}},"10":{"start":{"line":29,"column":6},"end":{"line":29,"column":56}},"11":{"start":{"line":34,"column":4},"end":{"line":44,"column":5}},"12":{"start":{"line":35,"column":23},"end":{"line":35,"column":68}},"13":{"start":{"line":37,"column":6},"end":{"line":39,"column":7}},"14":{"start":{"line":38,"column":8},"end":{"line":38,"column":66}},"15":{"start":{"line":41,"column":6},"end":{"line":41,"column":28}},"16":{"start":{"line":43,"column":6},"end":{"line":43,"column":54}},"17":{"start":{"line":48,"column":0},"end":{"line":48,"column":28}}},"fnMap":{"0":{"name":"(anonymous_8)","decl":{"start":{"line":12,"column":2},"end":{"line":12,"column":14}},"loc":{"start":{"line":12,"column":40},"end":{"line":17,"column":3}}},"1":{"name":"(anonymous_9)","decl":{"start":{"line":19,"column":8},"end":{"line":19,"column":17}},"loc":{"start":{"line":19,"column":17},"end":{"line":31,"column":null}}},"2":{"name":"(anonymous_10)","decl":{"start":{"line":19,"column":18},"end":{"line":19,"column":28}},"loc":{"start":{"line":19,"column":48},"end":{"line":31,"column":3}}},"3":{"name":"(anonymous_11)","decl":{"start":{"line":33,"column":8},"end":{"line":33,"column":16}},"loc":{"start":{"line":33,"column":31},"end":{"line":45,"column":null}}}},"branchMap":{"0":{"loc":{"start":{"line":12,"column":14},"end":{"line":12,"column":40}},"type":"default-arg","locations":[{"start":{"line":12,"column":38},"end":{"line":12,"column":40}}]},"1":{"loc":{"start":{"line":14,"column":6},"end":{"line":14,"column":76}},"type":"cond-expr","locations":[{"start":{"line":14,"column":25},"end":{"line":14,"column":29}},{"start":{"line":14,"column":29},"end":{"line":14,"column":76}}]},"2":{"loc":{"start":{"line":14,"column":6},"end":{"line":14,"column":29}},"type":"binary-expr","locations":[{"start":{"line":14,"column":6},"end":{"line":14,"column":29}},{"start":{"line":14,"column":25},"end":{"line":14,"column":29}}]},"3":{"loc":{"start":{"line":16,"column":6},"end":{"line":16,"column":78}},"type":"cond-expr","locations":[{"start":{"line":16,"column":26},"end":{"line":16,"column":30}},{"start":{"line":16,"column":30},"end":{"line":16,"column":78}}]},"4":{"loc":{"start":{"line":16,"column":6},"end":{"line":16,"column":30}},"type":"binary-expr","locations":[{"start":{"line":16,"column":6},"end":{"line":16,"column":30}},{"start":{"line":16,"column":26},"end":{"line":16,"column":30}}]},"5":{"loc":{"start":{"line":19,"column":30},"end":{"line":19,"column":48}},"type":"default-arg","locations":[{"start":{"line":19,"column":47},"end":{"line":19,"column":48}}]},"6":{"loc":{"start":{"line":23,"column":6},"end":{"line":25,"column":7}},"type":"if","locations":[{"start":{"line":23,"column":6},"end":{"line":25,"column":7}}]},"7":{"loc":{"start":{"line":37,"column":6},"end":{"line":39,"column":7}},"type":"if","locations":[{"start":{"line":37,"column":6},"end":{"line":39,"column":7}}]}},"s":{"0":1,"1":1,"2":1,"3":1,"4":0,"5":0,"6":0,"7":0,"8":0,"9":0,"10":0,"11":1,"12":1,"13":1,"14":1,"15":0,"16":1,"17":1},"f":{"0":1,"1":0,"2":0,"3":1},"b":{"0":[1],"1":[0,1],"2":[1,1],"3":[0,1],"4":[1,1],"5":[0],"6":[0],"7":[1]}}
,"D:\\Code\\ETHIndia\\Walrus-SDK\\sdk\\src\\getFile\\getFile.ts": {"path":"D:\\Code\\ETHIndia\\Walrus-SDK\\sdk\\src\\getFile\\getFile.ts","statementMap":{"0":{"start":{"line":1,"column":0},"end":{"line":9,"column":2}},"1":{"start":{"line":2,"column":59},"end":{"line":8,"column":null}},"2":{"start":{"line":3,"column":16},"end":{"line":3,"column":47}},"3":{"start":{"line":5,"column":21},"end":{"line":5,"column":37}},"4":{"start":{"line":7,"column":4},"end":{"line":7,"column":20}}},"fnMap":{"0":{"name":"(anonymous_7)","decl":{"start":{"line":2,"column":11},"end":{"line":2,"column":18}},"loc":{"start":{"line":2,"column":59},"end":{"line":8,"column":null}}},"1":{"name":"(anonymous_8)","decl":{"start":{"line":2,"column":59},"end":{"line":2,"column":null}},"loc":{"start":{"line":2,"column":59},"end":{"line":8,"column":3}}}},"branchMap":{},"s":{"0":1,"1":1,"2":1,"3":1,"4":1},"f":{"0":1,"1":1},"b":{}}
,"D:\\Code\\ETHIndia\\Walrus-SDK\\sdk\\src\\uploadFile\\uploadFile.ts": {"path":"D:\\Code\\ETHIndia\\Walrus-SDK\\sdk\\src\\uploadFile\\uploadFile.ts","statementMap":{"0":{"start":{"line":1,"column":0},"end":{"line":15,"column":2}},"1":{"start":{"line":2,"column":76},"end":{"line":14,"column":null}},"2":{"start":{"line":3,"column":16},"end":{"line":3,"column":59}},"3":{"start":{"line":5,"column":21},"end":{"line":11,"column":6}},"4":{"start":{"line":13,"column":4},"end":{"line":13,"column":20}}},"fnMap":{"0":{"name":"(anonymous_7)","decl":{"start":{"line":2,"column":14},"end":{"line":2,"column":21}},"loc":{"start":{"line":2,"column":76},"end":{"line":14,"column":null}}},"1":{"name":"(anonymous_8)","decl":{"start":{"line":2,"column":76},"end":{"line":2,"column":null}},"loc":{"start":{"line":2,"column":72},"end":{"line":14,"column":3}}}},"branchMap":{"0":{"loc":{"start":{"line":2,"column":54},"end":{"line":2,"column":72}},"type":"default-arg","locations":[{"start":{"line":2,"column":71},"end":{"line":2,"column":72}}]}},"s":{"0":1,"1":0,"2":0,"3":0,"4":0},"f":{"0":0,"1":0},"b":{"0":[0]}}
}
