TN:
SF:src\index.ts
FN:12,(anonymous_8)
FN:19,(anonymous_9)
FN:19,(anonymous_10)
FN:33,(anonymous_11)
FNF:4
FNH:2
FNDA:1,(anonymous_8)
FNDA:0,(anonymous_9)
FNDA:0,(anonymous_10)
FNDA:1,(anonymous_11)
DA:1,1
DA:2,1
DA:13,1
DA:15,1
DA:19,0
DA:20,0
DA:21,0
DA:23,0
DA:24,0
DA:27,0
DA:29,0
DA:34,1
DA:35,1
DA:37,1
DA:38,1
DA:41,0
DA:43,1
DA:48,1
LF:18
LH:10
BRDA:12,0,0,1
BRDA:14,1,0,0
BRDA:14,1,1,1
BRDA:14,2,0,1
BRDA:14,2,1,1
BRDA:16,3,0,0
BRDA:16,3,1,1
BRDA:16,4,0,1
BRDA:16,4,1,1
BRDA:19,5,0,0
BRDA:23,6,0,0
BRDA:37,7,0,1
BRF:12
BRH:8
end_of_record
TN:
SF:src\getFile\getFile.ts
FN:2,(anonymous_7)
FN:2,(anonymous_8)
FNF:2
FNH:2
FNDA:1,(anonymous_7)
FNDA:1,(anonymous_8)
DA:1,1
DA:2,1
DA:3,1
DA:5,1
DA:7,1
LF:5
LH:5
BRF:0
BRH:0
end_of_record
TN:
SF:src\uploadFile\uploadFile.ts
FN:2,(anonymous_7)
FN:2,(anonymous_8)
FNF:2
FNH:0
FNDA:0,(anonymous_7)
FNDA:0,(anonymous_8)
DA:1,1
DA:2,0
DA:3,0
DA:5,0
DA:13,0
LF:5
LH:1
BRDA:2,0,0,0
BRF:1
BRH:0
end_of_record
